c:\users\stud\desktop\cw2\cw2\debug\vc141.pdb
c:\users\stud\desktop\cw2\cw2\debug\vc141.idb
c:\users\stud\desktop\cw2\cw2\debug\tests.obj
c:\users\stud\desktop\cw2\cw2\debug\menuinterface.obj
c:\users\stud\desktop\cw2\cw2\debug\main.obj
c:\users\stud\desktop\cw2\cw2\debug\input.obj
c:\users\stud\desktop\cw2\cw2\debug\functions.obj
c:\users\stud\desktop\cw2\cw2\debug\files.obj
c:\users\stud\desktop\cw2\cw2\debug\classes.obj
c:\users\stud\desktop\cw2\debug\cw2.lib
c:\users\stud\desktop\cw2\debug\cw2.exp
c:\users\stud\desktop\cw2\debug\cw2.ilk
c:\users\stud\desktop\cw2\debug\cw2.exe
c:\users\stud\desktop\cw2\debug\cw2.pdb
c:\users\stud\desktop\cw2\cw2\debug\cw2.tlog\cl.command.1.tlog
c:\users\stud\desktop\cw2\cw2\debug\cw2.tlog\cl.read.1.tlog
c:\users\stud\desktop\cw2\cw2\debug\cw2.tlog\cl.write.1.tlog
c:\users\stud\desktop\cw2\cw2\debug\cw2.tlog\cw2.write.1u.tlog
c:\users\stud\desktop\cw2\cw2\debug\cw2.tlog\link.command.1.tlog
c:\users\stud\desktop\cw2\cw2\debug\cw2.tlog\link.read.1.tlog
c:\users\stud\desktop\cw2\cw2\debug\cw2.tlog\link.write.1.tlog
